<?xml version="1.0" encoding="UTF-8"?>
<!-- Generated by org.testng.reporters.JUnitReportReporter -->
<testsuite hostname="DESKTOP-TV86CNQ" name="org.testing.TestScripts.TC7" tests="1" failures="0" timestamp="26 Jan 2021 21:17:55 GMT" time="74.412" errors="0">
  <testcase name="login" time="74.412" classname="org.testing.TestScripts.TC7"/>
</testsuite> <!-- org.testing.TestScripts.TC7 -->
